{"uuid":"47f9eb69-5298-4a54-ae19-01943e57c314","historyId":"9d221d7543e25b3ca42e1f22621d7e20","fullName":"Registro de usuario: Registro exitoso de un nuevo cliente","labels":[{"name":"tag","value":"register01"},{"name":"host","value":"192.168.1.13"},{"name":"thread","value":"50509@192.168.1.13.main(1)"},{"name":"feature","value":"Registro de usuario"},{"name":"story","value":"Registro exitoso de un nuevo cliente"},{"name":"suite","value":"Registro de usuario"},{"name":"testClass","value":"Registro exitoso de un nuevo cliente"},{"name":"framework","value":"cucumber4jvm"},{"name":"language","value":"java"},{"name":"gherkin_uri","value":"file:///home/juantirado/Documentos/Archive/FinalProject/src/test/resources/features/account/register.feature"},{"name":"package","value":"src.test.resources.features.account.register_feature.Registro de usuario"}],"links":[],"name":"Registro exitoso de un nuevo cliente","status":"broken","statusDetails":{"known":false,"muted":false,"flaky":false,"message":"element click intercepted: Element <button _ngcontent-ng-c3630897036=\"\" mat-menu-item=\"\" routerlink=\"/login\" aria-label=\"Go to login page\" id=\"navbarLoginButton\" class=\"mat-mdc-menu-item mat-focus-indicator ng-star-inserted cdk-focused cdk-mouse-focused\" tabindex=\"0\" role=\"menuitem\" aria-disabled=\"false\">...</button> is not clickable at point (1778, 90). Other element would receive the click: <div id=\"cdk-overlay-4\" class=\"cdk-overlay-pane\" style=\"position: static;\">...</div>\n  (Session info: chrome=138.0.7204.49)\nBuild info: version: '4.16.1', revision: '9b4c83354e'\nSystem info: os.name: 'Linux', os.arch: 'amd64', os.version: '6.15.3-200.fc42.x86_64', java.version: '21.0.7'\nDriver info: org.openqa.selenium.chrome.ChromeDriver\nCommand: [8bdcb563eea4cc583d5f2c1d988d8156, clickElement {id=f.87A5FCD4DA769C8FCD2CD348140C6313.d.17BD4208BEE4A668087BA79790A4F020.e.63}]\nCapabilities {acceptInsecureCerts: false, browserName: chrome, browserVersion: 138.0.7204.49, chrome: {chromedriverVersion: 137.0.7151.119 (e0ac9d12dff..., userDataDir: /tmp/.org.chromium.Chromium...}, fedcm:accounts: true, goog:chromeOptions: {debuggerAddress: localhost:36181}, networkConnectionEnabled: false, pageLoadStrategy: normal, platformName: linux, proxy: Proxy(), se:cdp: ws://localhost:36181/devtoo..., se:cdpVersion: 138.0.7204.49, setWindowRect: true, strictFileInteractability: false, timeouts: {implicit: 0, pageLoad: 300000, script: 30000}, unhandledPromptBehavior: dismiss and notify, webauthn:extension:credBlob: true, webauthn:extension:largeBlob: true, webauthn:extension:minPinLength: true, webauthn:extension:prf: true, webauthn:virtualAuthenticators: true}\nElement: [[ChromeDriver: chrome on linux (8bdcb563eea4cc583d5f2c1d988d8156)] -> id: navbarLoginButton]\nSession ID: 8bdcb563eea4cc583d5f2c1d988d8156","trace":"org.openqa.selenium.ElementClickInterceptedException: element click intercepted: Element <button _ngcontent-ng-c3630897036=\"\" mat-menu-item=\"\" routerlink=\"/login\" aria-label=\"Go to login page\" id=\"navbarLoginButton\" class=\"mat-mdc-menu-item mat-focus-indicator ng-star-inserted cdk-focused cdk-mouse-focused\" tabindex=\"0\" role=\"menuitem\" aria-disabled=\"false\">...</button> is not clickable at point (1778, 90). Other element would receive the click: <div id=\"cdk-overlay-4\" class=\"cdk-overlay-pane\" style=\"position: static;\">...</div>\n  (Session info: chrome=138.0.7204.49)\nBuild info: version: '4.16.1', revision: '9b4c83354e'\nSystem info: os.name: 'Linux', os.arch: 'amd64', os.version: '6.15.3-200.fc42.x86_64', java.version: '21.0.7'\nDriver info: org.openqa.selenium.chrome.ChromeDriver\nCommand: [8bdcb563eea4cc583d5f2c1d988d8156, clickElement {id=f.87A5FCD4DA769C8FCD2CD348140C6313.d.17BD4208BEE4A668087BA79790A4F020.e.63}]\nCapabilities {acceptInsecureCerts: false, browserName: chrome, browserVersion: 138.0.7204.49, chrome: {chromedriverVersion: 137.0.7151.119 (e0ac9d12dff..., userDataDir: /tmp/.org.chromium.Chromium...}, fedcm:accounts: true, goog:chromeOptions: {debuggerAddress: localhost:36181}, networkConnectionEnabled: false, pageLoadStrategy: normal, platformName: linux, proxy: Proxy(), se:cdp: ws://localhost:36181/devtoo..., se:cdpVersion: 138.0.7204.49, setWindowRect: true, strictFileInteractability: false, timeouts: {implicit: 0, pageLoad: 300000, script: 30000}, unhandledPromptBehavior: dismiss and notify, webauthn:extension:credBlob: true, webauthn:extension:largeBlob: true, webauthn:extension:minPinLength: true, webauthn:extension:prf: true, webauthn:virtualAuthenticators: true}\nElement: [[ChromeDriver: chrome on linux (8bdcb563eea4cc583d5f2c1d988d8156)] -> id: navbarLoginButton]\nSession ID: 8bdcb563eea4cc583d5f2c1d988d8156\n\tat java.base/jdk.internal.reflect.DirectConstructorHandleAccessor.newInstance(DirectConstructorHandleAccessor.java:62)\n\tat java.base/java.lang.reflect.Constructor.newInstanceWithCaller(Constructor.java:502)\n\tat java.base/java.lang.reflect.Constructor.newInstance(Constructor.java:486)\n\tat org.openqa.selenium.remote.codec.w3c.W3CHttpResponseCodec.createException(W3CHttpResponseCodec.java:200)\n\tat org.openqa.selenium.remote.codec.w3c.W3CHttpResponseCodec.decode(W3CHttpResponseCodec.java:133)\n\tat org.openqa.selenium.remote.codec.w3c.W3CHttpResponseCodec.decode(W3CHttpResponseCodec.java:52)\n\tat org.openqa.selenium.remote.HttpCommandExecutor.execute(HttpCommandExecutor.java:191)\n\tat org.openqa.selenium.remote.service.DriverCommandExecutor.invokeExecute(DriverCommandExecutor.java:200)\n\tat org.openqa.selenium.remote.service.DriverCommandExecutor.execute(DriverCommandExecutor.java:175)\n\tat org.openqa.selenium.remote.RemoteWebDriver.execute(RemoteWebDriver.java:523)\n\tat org.openqa.selenium.remote.RemoteWebElement.execute(RemoteWebElement.java:224)\n\tat org.openqa.selenium.remote.RemoteWebElement.click(RemoteWebElement.java:77)\n\tat java.base/jdk.internal.reflect.DirectMethodHandleAccessor.invoke(DirectMethodHandleAccessor.java:103)\n\tat java.base/java.lang.reflect.Method.invoke(Method.java:580)\n\tat org.openqa.selenium.support.pagefactory.internal.LocatingElementHandler.invoke(LocatingElementHandler.java:51)\n\tat jdk.proxy2/jdk.proxy2.$Proxy27.click(Unknown Source)\n\tat com.store.factory.HomePage.irASeccionLogin(HomePage.java:65)\n\tat com.store.stepDefinitions.RegisterSteps.irARegistro(RegisterSteps.java:31)\n\tat ✽.navega desde Login hasta el formulario de registro(file:///home/juantirado/Documentos/Archive/FinalProject/src/test/resources/features/account/register.feature:6)\n"},"stage":"finished","steps":[{"name":"Given  el usuario accede a Juice Shop","status":"passed","statusDetails":{"known":false,"muted":false,"flaky":false},"stage":"finished","steps":[],"attachments":[],"parameters":[],"start":1751175302462,"stop":1751175318295},{"name":"And  navega desde Login hasta el formulario de registro","status":"broken","statusDetails":{"known":false,"muted":false,"flaky":false,"message":"element click intercepted: Element <button _ngcontent-ng-c3630897036=\"\" mat-menu-item=\"\" routerlink=\"/login\" aria-label=\"Go to login page\" id=\"navbarLoginButton\" class=\"mat-mdc-menu-item mat-focus-indicator ng-star-inserted cdk-focused cdk-mouse-focused\" tabindex=\"0\" role=\"menuitem\" aria-disabled=\"false\">...</button> is not clickable at point (1778, 90). Other element would receive the click: <div id=\"cdk-overlay-4\" class=\"cdk-overlay-pane\" style=\"position: static;\">...</div>\n  (Session info: chrome=138.0.7204.49)\nBuild info: version: '4.16.1', revision: '9b4c83354e'\nSystem info: os.name: 'Linux', os.arch: 'amd64', os.version: '6.15.3-200.fc42.x86_64', java.version: '21.0.7'\nDriver info: org.openqa.selenium.chrome.ChromeDriver\nCommand: [8bdcb563eea4cc583d5f2c1d988d8156, clickElement {id=f.87A5FCD4DA769C8FCD2CD348140C6313.d.17BD4208BEE4A668087BA79790A4F020.e.63}]\nCapabilities {acceptInsecureCerts: false, browserName: chrome, browserVersion: 138.0.7204.49, chrome: {chromedriverVersion: 137.0.7151.119 (e0ac9d12dff..., userDataDir: /tmp/.org.chromium.Chromium...}, fedcm:accounts: true, goog:chromeOptions: {debuggerAddress: localhost:36181}, networkConnectionEnabled: false, pageLoadStrategy: normal, platformName: linux, proxy: Proxy(), se:cdp: ws://localhost:36181/devtoo..., se:cdpVersion: 138.0.7204.49, setWindowRect: true, strictFileInteractability: false, timeouts: {implicit: 0, pageLoad: 300000, script: 30000}, unhandledPromptBehavior: dismiss and notify, webauthn:extension:credBlob: true, webauthn:extension:largeBlob: true, webauthn:extension:minPinLength: true, webauthn:extension:prf: true, webauthn:virtualAuthenticators: true}\nElement: [[ChromeDriver: chrome on linux (8bdcb563eea4cc583d5f2c1d988d8156)] -> id: navbarLoginButton]\nSession ID: 8bdcb563eea4cc583d5f2c1d988d8156","trace":"org.openqa.selenium.ElementClickInterceptedException: element click intercepted: Element <button _ngcontent-ng-c3630897036=\"\" mat-menu-item=\"\" routerlink=\"/login\" aria-label=\"Go to login page\" id=\"navbarLoginButton\" class=\"mat-mdc-menu-item mat-focus-indicator ng-star-inserted cdk-focused cdk-mouse-focused\" tabindex=\"0\" role=\"menuitem\" aria-disabled=\"false\">...</button> is not clickable at point (1778, 90). Other element would receive the click: <div id=\"cdk-overlay-4\" class=\"cdk-overlay-pane\" style=\"position: static;\">...</div>\n  (Session info: chrome=138.0.7204.49)\nBuild info: version: '4.16.1', revision: '9b4c83354e'\nSystem info: os.name: 'Linux', os.arch: 'amd64', os.version: '6.15.3-200.fc42.x86_64', java.version: '21.0.7'\nDriver info: org.openqa.selenium.chrome.ChromeDriver\nCommand: [8bdcb563eea4cc583d5f2c1d988d8156, clickElement {id=f.87A5FCD4DA769C8FCD2CD348140C6313.d.17BD4208BEE4A668087BA79790A4F020.e.63}]\nCapabilities {acceptInsecureCerts: false, browserName: chrome, browserVersion: 138.0.7204.49, chrome: {chromedriverVersion: 137.0.7151.119 (e0ac9d12dff..., userDataDir: /tmp/.org.chromium.Chromium...}, fedcm:accounts: true, goog:chromeOptions: {debuggerAddress: localhost:36181}, networkConnectionEnabled: false, pageLoadStrategy: normal, platformName: linux, proxy: Proxy(), se:cdp: ws://localhost:36181/devtoo..., se:cdpVersion: 138.0.7204.49, setWindowRect: true, strictFileInteractability: false, timeouts: {implicit: 0, pageLoad: 300000, script: 30000}, unhandledPromptBehavior: dismiss and notify, webauthn:extension:credBlob: true, webauthn:extension:largeBlob: true, webauthn:extension:minPinLength: true, webauthn:extension:prf: true, webauthn:virtualAuthenticators: true}\nElement: [[ChromeDriver: chrome on linux (8bdcb563eea4cc583d5f2c1d988d8156)] -> id: navbarLoginButton]\nSession ID: 8bdcb563eea4cc583d5f2c1d988d8156\n\tat java.base/jdk.internal.reflect.DirectConstructorHandleAccessor.newInstance(DirectConstructorHandleAccessor.java:62)\n\tat java.base/java.lang.reflect.Constructor.newInstanceWithCaller(Constructor.java:502)\n\tat java.base/java.lang.reflect.Constructor.newInstance(Constructor.java:486)\n\tat org.openqa.selenium.remote.codec.w3c.W3CHttpResponseCodec.createException(W3CHttpResponseCodec.java:200)\n\tat org.openqa.selenium.remote.codec.w3c.W3CHttpResponseCodec.decode(W3CHttpResponseCodec.java:133)\n\tat org.openqa.selenium.remote.codec.w3c.W3CHttpResponseCodec.decode(W3CHttpResponseCodec.java:52)\n\tat org.openqa.selenium.remote.HttpCommandExecutor.execute(HttpCommandExecutor.java:191)\n\tat org.openqa.selenium.remote.service.DriverCommandExecutor.invokeExecute(DriverCommandExecutor.java:200)\n\tat org.openqa.selenium.remote.service.DriverCommandExecutor.execute(DriverCommandExecutor.java:175)\n\tat org.openqa.selenium.remote.RemoteWebDriver.execute(RemoteWebDriver.java:523)\n\tat org.openqa.selenium.remote.RemoteWebElement.execute(RemoteWebElement.java:224)\n\tat org.openqa.selenium.remote.RemoteWebElement.click(RemoteWebElement.java:77)\n\tat java.base/jdk.internal.reflect.DirectMethodHandleAccessor.invoke(DirectMethodHandleAccessor.java:103)\n\tat java.base/java.lang.reflect.Method.invoke(Method.java:580)\n\tat org.openqa.selenium.support.pagefactory.internal.LocatingElementHandler.invoke(LocatingElementHandler.java:51)\n\tat jdk.proxy2/jdk.proxy2.$Proxy27.click(Unknown Source)\n\tat com.store.factory.HomePage.irASeccionLogin(HomePage.java:65)\n\tat com.store.stepDefinitions.RegisterSteps.irARegistro(RegisterSteps.java:31)\n\tat ✽.navega desde Login hasta el formulario de registro(file:///home/juantirado/Documentos/Archive/FinalProject/src/test/resources/features/account/register.feature:6)\n"},"stage":"finished","steps":[],"attachments":[],"parameters":[],"start":1751175318297,"stop":1751175334600},{"name":"When  se registra con:","status":"skipped","statusDetails":{"known":false,"muted":false,"flaky":false},"stage":"finished","steps":[],"attachments":[{"name":"Data table","source":"882e64a1-5799-4542-9168-bc77cf689519-attachment.csv","type":"text/tab-separated-values"}],"parameters":[],"start":1751175334603,"stop":1751175334607},{"name":"Then  debería ver el mensaje de confirmación \"Registration completed successfully\"","status":"skipped","statusDetails":{"known":false,"muted":false,"flaky":false},"stage":"finished","steps":[],"attachments":[],"parameters":[],"start":1751175334609,"stop":1751175334609}],"attachments":[],"parameters":[{"name":"email","value":"juanfdd@gmail.com"},{"name":"password","value":"Password123"},{"name":"repeat","value":"Password123"},{"name":"pregunta","value":"Mother's maiden name?"},{"name":"respuesta","value":"Mariela"}],"start":1751175296609,"stop":1751175334891}